<?xml version="1.0" encoding="UTF-8"?>
<!-- Generated by org.testng.reporters.JUnitReportReporter -->
<testsuite hostname="Fethiye" failures="0" tests="1" name="cw.tests.TrendyolTestCase" time="21.322" errors="0" timestamp="2023-07-22T12:05:32 MESZ" skipped="0">
  <testcase classname="cw.tests.TrendyolTestCase" name="test" time="21.322"/>
  <system-out/>
</testsuite> <!-- cw.tests.TrendyolTestCase -->
