<?xml version="1.0" encoding="UTF-8"?>
<!-- Generated by org.testng.reporters.JUnitReportReporter -->
<testsuite hostname="Fethiye" failures="0" tests="1" name="cw.tests.TrendyolTestCase" time="11.787" errors="0" timestamp="2023-07-19T14:47:21 MESZ" skipped="0">
  <testcase classname="cw.tests.TrendyolTestCase" name="test" time="11.787"/>
  <system-out/>
</testsuite> <!-- cw.tests.TrendyolTestCase -->
